<?xml version="1.0" encoding="UTF-8" ?>
<testsuite failures="0" time="0.067" errors="0" skipped="0" tests="1" name="com.hyr.maven.helloMaven.helloWordlTest">
  <properties>
    <property name="java.runtime.name" value="Java(TM) SE Runtime Environment"/>
    <property name="sun.boot.library.path" value="C:\Program Files (x86)\Java\jdk1.7.0_45\jre\bin"/>
    <property name="java.vm.version" value="24.45-b08"/>
    <property name="java.vm.vendor" value="Oracle Corporation"/>
    <property name="java.vendor.url" value="http://java.oracle.com/"/>
    <property name="path.separator" value=";"/>
    <property name="java.vm.name" value="Java HotSpot(TM) Client VM"/>
    <property name="file.encoding.pkg" value="sun.io"/>
    <property name="user.script" value=""/>
    <property name="user.country" value="CN"/>
    <property name="sun.java.launcher" value="SUN_STANDARD"/>
    <property name="sun.os.patch.level" value="Service Pack 1"/>
    <property name="java.vm.specification.name" value="Java Virtual Machine Specification"/>
    <property name="user.dir" value="C:\Workspaces\HelloMaven"/>
    <property name="java.runtime.version" value="1.7.0_45-b18"/>
    <property name="java.awt.graphicsenv" value="sun.awt.Win32GraphicsEnvironment"/>
    <property name="basedir" value="C:\Workspaces\HelloMaven"/>
    <property name="java.endorsed.dirs" value="C:\Program Files (x86)\Java\jdk1.7.0_45\jre\lib\endorsed"/>
    <property name="os.arch" value="x86"/>
    <property name="surefire.real.class.path" value="C:\Workspaces\HelloMaven\target\surefire\surefirebooter2635576183879800681.jar"/>
    <property name="java.io.tmpdir" value="C:\Users\ADMINI~1\AppData\Local\Temp\"/>
    <property name="line.separator" value="
"/>
    <property name="java.vm.specification.vendor" value="Oracle Corporation"/>
    <property name="user.variant" value=""/>
    <property name="os.name" value="Windows 7"/>
    <property name="sun.jnu.encoding" value="GBK"/>
    <property name="java.library.path" value="C:\Program Files (x86)\Java\jdk1.7.0_45\jre\bin;C:\Windows\Sun\Java\bin;C:\Windows\system32;C:\Windows;C:\Program Files (x86)\Java\jdk1.7.0_45\bin;C:\Program Files (x86)\Java\jdk1.7.0_45\jre\bin;C:\MyEclipse\Android\adt-bundle-windows-x86-20130917\sdk\tools;C:\MyEclipse\Android\adt-bundle-windows-x86-20130917\sdk\platform-tools;C:\Windows\system32;C:\Windows;C:\Windows\system32\wbem;C:\software\Redis\;C:\software\Subversion\bin;C:\MyEclipse\Maven\apache-maven-3.3.3\bin;E:\apache-cxf-2.3.0\bin;."/>
    <property name="surefire.test.class.path" value="C:\Workspaces\HelloMaven\target\test-classes;C:\Workspaces\HelloMaven\target\classes;H:\maven\repository\junit\junit\4.12\junit-4.12.jar;H:\maven\repository\org\hamcrest\hamcrest-core\1.3\hamcrest-core-1.3.jar;H:\maven\repository\org\apache\struts\struts2-core\2.3.24.1\struts2-core-2.3.24.1.jar;H:\maven\repository\org\apache\struts\xwork\xwork-core\2.3.24.1\xwork-core-2.3.24.1.jar;H:\maven\repository\org\apache\commons\commons-lang3\3.2\commons-lang3-3.2.jar;H:\maven\repository\asm\asm\3.3\asm-3.3.jar;H:\maven\repository\asm\asm-commons\3.3\asm-commons-3.3.jar;H:\maven\repository\asm\asm-tree\3.3\asm-tree-3.3.jar;H:\maven\repository\org\freemarker\freemarker\2.3.22\freemarker-2.3.22.jar;H:\maven\repository\ognl\ognl\3.0.6\ognl-3.0.6.jar;H:\maven\repository\javassist\javassist\3.11.0.GA\javassist-3.11.0.GA.jar;H:\maven\repository\commons-fileupload\commons-fileupload\1.3.1\commons-fileupload-1.3.1.jar;H:\maven\repository\commons-io\commons-io\2.2\commons-io-2.2.jar;"/>
    <property name="java.specification.name" value="Java Platform API Specification"/>
    <property name="java.class.version" value="51.0"/>
    <property name="sun.management.compiler" value="HotSpot Client Compiler"/>
    <property name="os.version" value="6.1"/>
    <property name="user.home" value="C:\Users\Administrator"/>
    <property name="user.timezone" value=""/>
    <property name="java.awt.printerjob" value="sun.awt.windows.WPrinterJob"/>
    <property name="java.specification.version" value="1.7"/>
    <property name="file.encoding" value="GBK"/>
    <property name="user.name" value="Administrator"/>
    <property name="java.class.path" value="C:\Workspaces\HelloMaven\target\test-classes;C:\Workspaces\HelloMaven\target\classes;H:\maven\repository\junit\junit\4.12\junit-4.12.jar;H:\maven\repository\org\hamcrest\hamcrest-core\1.3\hamcrest-core-1.3.jar;H:\maven\repository\org\apache\struts\struts2-core\2.3.24.1\struts2-core-2.3.24.1.jar;H:\maven\repository\org\apache\struts\xwork\xwork-core\2.3.24.1\xwork-core-2.3.24.1.jar;H:\maven\repository\org\apache\commons\commons-lang3\3.2\commons-lang3-3.2.jar;H:\maven\repository\asm\asm\3.3\asm-3.3.jar;H:\maven\repository\asm\asm-commons\3.3\asm-commons-3.3.jar;H:\maven\repository\asm\asm-tree\3.3\asm-tree-3.3.jar;H:\maven\repository\org\freemarker\freemarker\2.3.22\freemarker-2.3.22.jar;H:\maven\repository\ognl\ognl\3.0.6\ognl-3.0.6.jar;H:\maven\repository\javassist\javassist\3.11.0.GA\javassist-3.11.0.GA.jar;H:\maven\repository\commons-fileupload\commons-fileupload\1.3.1\commons-fileupload-1.3.1.jar;H:\maven\repository\commons-io\commons-io\2.2\commons-io-2.2.jar;"/>
    <property name="java.vm.specification.version" value="1.7"/>
    <property name="sun.arch.data.model" value="32"/>
    <property name="java.home" value="C:\Program Files (x86)\Java\jdk1.7.0_45\jre"/>
    <property name="sun.java.command" value="C:\Workspaces\HelloMaven\target\surefire\surefirebooter2635576183879800681.jar C:\Workspaces\HelloMaven\target\surefire\surefire6697035953390664017tmp C:\Workspaces\HelloMaven\target\surefire\surefire7557102022723965230tmp"/>
    <property name="java.specification.vendor" value="Oracle Corporation"/>
    <property name="user.language" value="zh"/>
    <property name="awt.toolkit" value="sun.awt.windows.WToolkit"/>
    <property name="java.vm.info" value="mixed mode, sharing"/>
    <property name="java.version" value="1.7.0_45"/>
    <property name="java.ext.dirs" value="C:\Program Files (x86)\Java\jdk1.7.0_45\jre\lib\ext;C:\Windows\Sun\Java\lib\ext"/>
    <property name="sun.boot.class.path" value="C:\Program Files (x86)\Java\jdk1.7.0_45\jre\lib\resources.jar;C:\Program Files (x86)\Java\jdk1.7.0_45\jre\lib\rt.jar;C:\Program Files (x86)\Java\jdk1.7.0_45\jre\lib\sunrsasign.jar;C:\Program Files (x86)\Java\jdk1.7.0_45\jre\lib\jsse.jar;C:\Program Files (x86)\Java\jdk1.7.0_45\jre\lib\jce.jar;C:\Program Files (x86)\Java\jdk1.7.0_45\jre\lib\charsets.jar;C:\Program Files (x86)\Java\jdk1.7.0_45\jre\lib\jfr.jar;C:\Program Files (x86)\Java\jdk1.7.0_45\jre\classes"/>
    <property name="java.vendor" value="Oracle Corporation"/>
    <property name="localRepository" value="H:\maven\repository"/>
    <property name="file.separator" value="\"/>
    <property name="java.vendor.url.bug" value="http://bugreport.sun.com/bugreport/"/>
    <property name="sun.cpu.endian" value="little"/>
    <property name="sun.io.unicode.encoding" value="UnicodeLittle"/>
    <property name="sun.desktop" value="windows"/>
    <property name="sun.cpu.isalist" value="pentium_pro+mmx pentium_pro pentium+mmx pentium i486 i386 i86"/>
  </properties>
  <testcase time="0.001" classname="com.hyr.maven.helloMaven.helloWordlTest" name="testSayHello"/>
</testsuite>